<?xml version="1.0" encoding="UTF-8"?>
<!-- Generated by org.testng.reporters.JUnitXMLReporter -->
<testsuite ignored="12" hostname="test-a432e1e0-3518-11ef-84e3-b5ee9d9b2dc6" failures="1" tests="5" name="Regression_Tests For HTML Release Note" time="170.771" errors="0" timestamp="2024-06-28T06:40:00 UTC">
  <testcase classname="test.RegressionTest_HTML" name="openAEMApplication" time="4.483"/>
  <testcase classname="test.RegressionTest_HTML" name="loginAEMApplication" time="9.442"/>
  <testcase classname="test.RegressionTest_HTML" name="VerifyServiceDeskButton" time="0.475"/>
  <testcase classname="test.RegressionTest_HTML" name="navigateToProject" time="27.055">
    <skipped/>
  </testcase> <!-- navigateToProject -->
  <testcase classname="test.RegressionTest_HTML" name="navigateToProject" time="120.417">
    <failure type="org.openqa.selenium.TimeoutException" message="Expected condition failed: waiting for element to be clickable: Proxy element for: DefaultElementLocator &amp;apos;By.xpath: //div[contains(text(),&amp;apos;Projects&amp;apos;)]&amp;apos; (tried for 120 second(s) with 500 milliseconds interval)">
      <![CDATA[org.openqa.selenium.TimeoutException: Expected condition failed: waiting for element to be clickable: Proxy element for: DefaultElementLocator 'By.xpath: //div[contains(text(),'Projects')]' (tried for 120 second(s) with 500 milliseconds interval)
at org.openqa.selenium.support.ui.WebDriverWait.timeoutException(WebDriverWait.java:95)
at org.openqa.selenium.support.ui.FluentWait.until(FluentWait.java:272)
at pages.BasePage.click(BasePage.java:62)
at pages.ApplicationHomePage.navigationProjectFolder(ApplicationHomePage.java:110)
at test.RegressionTest_HTML.navigateToProject(RegressionTest_HTML.java:43)
at java.base/java.util.ArrayList.forEach(ArrayList.java:1541)
Caused by: org.openqa.selenium.NoSuchElementException: no such element: Unable to locate element: {"method":"xpath","selector":"//div[contains(text(),'Projects')]"}
  (Session info: chrome=110.0.5481.77)
For documentation on this error, please visit: https://www.seleniumhq.org/exceptions/no_such_element.html
Build info: version: '3.141.59', revision: 'e82be7d358', time: '2018-11-14T08:17:03'
System info: host: 'test-a432e1e0-3518-11ef-84e3-b5ee9d9b2dc6', ip: '172.16.33.12', os.name: 'Linux', os.arch: 'amd64', os.version: '5.15.138-flatcar', java.version: '11.0.17'
Driver info: org.openqa.selenium.remote.RemoteWebDriver
Capabilities {acceptInsecureCerts: false, browserName: chrome, browserVersion: 110.0.5481.77, chrome: {chromedriverVersion: 110.0.5481.77 (65ed616c6e8e..., userDataDir: /tmp/.com.google.Chrome.9prAEt}, goog:chromeOptions: {debuggerAddress: localhost:32879}, javascriptEnabled: true, networkConnectionEnabled: false, pageLoadStrategy: normal, platform: LINUX, platformName: LINUX, proxy: Proxy(), se:bidiEnabled: false, se:cdp: ws://172.16.33.12:4444/sess..., se:cdpVersion: 110.0.5481.77, se:vnc: ws://172.16.33.12:4444/sess..., se:vncEnabled: true, se:vncLocalAddress: ws://172.16.33.12:7900, setWindowRect: true, strictFileInteractability: false, timeouts: {implicit: 0, pageLoad: 300000, script: 30000}, unhandledPromptBehavior: dismiss and notify, webauthn:extension:credBlob: true, webauthn:extension:largeBlob: true, webauthn:virtualAuthenticators: true}
Session ID: eb17cabcce523cd6d6987ef5406a71e6
*** Element info: {Using=xpath, value=//div[contains(text(),'Projects')]}
at org.openqa.selenium.remote.http.W3CHttpResponseCodec.createException(W3CHttpResponseCodec.java:187)
at org.openqa.selenium.remote.http.W3CHttpResponseCodec.decode(W3CHttpResponseCodec.java:122)
at org.openqa.selenium.remote.http.W3CHttpResponseCodec.decode(W3CHttpResponseCodec.java:49)
at org.openqa.selenium.remote.HttpCommandExecutor.execute(HttpCommandExecutor.java:158)
at org.openqa.selenium.remote.RemoteWebDriver.execute(RemoteWebDriver.java:552)
at org.openqa.selenium.remote.RemoteWebDriver.findElement(RemoteWebDriver.java:323)
at org.openqa.selenium.remote.RemoteWebDriver.findElementByXPath(RemoteWebDriver.java:428)
at org.openqa.selenium.By$ByXPath.findElement(By.java:353)
at org.openqa.selenium.remote.RemoteWebDriver.findElement(RemoteWebDriver.java:315)
at org.openqa.selenium.support.pagefactory.DefaultElementLocator.findElement(DefaultElementLocator.java:69)
at org.openqa.selenium.support.pagefactory.internal.LocatingElementHandler.invoke(LocatingElementHandler.java:38)
at com.sun.proxy.$Proxy12.isDisplayed(Unknown Source)
at org.openqa.selenium.support.ui.ExpectedConditions.elementIfVisible(ExpectedConditions.java:314)
at org.openqa.selenium.support.ui.ExpectedConditions.access$000(ExpectedConditions.java:43)
at org.openqa.selenium.support.ui.ExpectedConditions$10.apply(ExpectedConditions.java:300)
at org.openqa.selenium.support.ui.ExpectedConditions$10.apply(ExpectedConditions.java:297)
at org.openqa.selenium.support.ui.ExpectedConditions$23.apply(ExpectedConditions.java:670)
at org.openqa.selenium.support.ui.ExpectedConditions$23.apply(ExpectedConditions.java:666)
at org.openqa.selenium.support.ui.FluentWait.until(FluentWait.java:249)
... 35 more
... Removed 34 stack frames]]>
    </failure>
  </testcase> <!-- navigateToProject -->
  <testcase classname="test.RegressionTest_HTML" name="completeWorkflowFromTaskDetails" time="0.0">
    <ignored/>
  </testcase> <!-- completeWorkflowFromTaskDetails -->
  <testcase classname="test.RegressionTest_HTML" name="startInitializingWorkflow" time="0.0">
    <ignored/>
  </testcase> <!-- startInitializingWorkflow -->
  <testcase classname="test.RegressionTest_HTML" name="translationAcceptTask" time="0.0">
    <ignored/>
  </testcase> <!-- translationAcceptTask -->
  <testcase classname="test.RegressionTest_HTML" name="createReleaseNote" time="0.0">
    <ignored/>
  </testcase> <!-- createReleaseNote -->
  <testcase classname="test.RegressionTest_HTML" name="loginAsEditor" time="0.0">
    <ignored/>
  </testcase> <!-- loginAsEditor -->
  <testcase classname="test.RegressionTest_HTML" name="loginBwxApplication" time="0.0">
    <ignored/>
  </testcase> <!-- loginBwxApplication -->
  <testcase classname="test.RegressionTest_HTML" name="verifyAvailableWorkflow" time="0.0">
    <ignored/>
  </testcase> <!-- verifyAvailableWorkflow -->
  <testcase classname="test.RegressionTest_HTML" name="openProjectFromTaskDetails" time="0.0">
    <ignored/>
  </testcase> <!-- openProjectFromTaskDetails -->
  <testcase classname="test.RegressionTest_HTML" name="verifyAllElementsInReleaseNote" time="0.0">
    <ignored/>
  </testcase> <!-- verifyAllElementsInReleaseNote -->
  <testcase classname="test.RegressionTest_HTML" name="verifyLandingPageAfterClosingMode" time="0.0">
    <ignored/>
  </testcase> <!-- verifyLandingPageAfterClosingMode -->
  <testcase classname="test.RegressionTest_HTML" name="usersRightsForWorkflowTask" time="0.0">
    <ignored/>
  </testcase> <!-- usersRightsForWorkflowTask -->
  <testcase classname="test.RegressionTest_HTML" name="verifyEnableImageCaption" time="0.0">
    <ignored/>
  </testcase> <!-- verifyEnableImageCaption -->
</testsuite> <!-- Regression_Tests For HTML Release Note -->
